c:\users\aaron\documents\visual studio 2017\projects\ipm\ipm\x64\debug\ipm.pch
c:\users\aaron\documents\visual studio 2017\projects\ipm\ipm\x64\debug\vc141.pdb
c:\users\aaron\documents\visual studio 2017\projects\ipm\ipm\x64\debug\vc141.idb
c:\users\aaron\documents\visual studio 2017\projects\ipm\ipm\x64\debug\stdafx.obj
c:\users\aaron\documents\visual studio 2017\projects\ipm\ipm\x64\debug\ipm_calibration.obj
c:\users\aaron\documents\visual studio 2017\projects\ipm\ipm\x64\debug\ipm.obj
c:\users\aaron\documents\visual studio 2017\projects\ipm\x64\debug\ipm.exe
c:\users\aaron\documents\visual studio 2017\projects\ipm\x64\debug\ipm.ilk
c:\users\aaron\documents\visual studio 2017\projects\ipm\x64\debug\ipm.pdb
c:\users\aaron\documents\visual studio 2017\projects\ipm\ipm\x64\debug\ipm.tlog\cl.command.1.tlog
c:\users\aaron\documents\visual studio 2017\projects\ipm\ipm\x64\debug\ipm.tlog\cl.read.1.tlog
c:\users\aaron\documents\visual studio 2017\projects\ipm\ipm\x64\debug\ipm.tlog\cl.write.1.tlog
c:\users\aaron\documents\visual studio 2017\projects\ipm\ipm\x64\debug\ipm.tlog\link.11880-cvtres.read.1.tlog
c:\users\aaron\documents\visual studio 2017\projects\ipm\ipm\x64\debug\ipm.tlog\link.11880-cvtres.write.1.tlog
c:\users\aaron\documents\visual studio 2017\projects\ipm\ipm\x64\debug\ipm.tlog\link.11880-rc.read.1.tlog
c:\users\aaron\documents\visual studio 2017\projects\ipm\ipm\x64\debug\ipm.tlog\link.11880-rc.write.1.tlog
c:\users\aaron\documents\visual studio 2017\projects\ipm\ipm\x64\debug\ipm.tlog\link.11880.read.1.tlog
c:\users\aaron\documents\visual studio 2017\projects\ipm\ipm\x64\debug\ipm.tlog\link.11880.write.1.tlog
c:\users\aaron\documents\visual studio 2017\projects\ipm\ipm\x64\debug\ipm.tlog\link.command.1.tlog
c:\users\aaron\documents\visual studio 2017\projects\ipm\ipm\x64\debug\ipm.tlog\link.read.1.tlog
c:\users\aaron\documents\visual studio 2017\projects\ipm\ipm\x64\debug\ipm.tlog\link.write.1.tlog
